# JRE version: OpenJDK Runtime Environment Temurin-21.0.8+9 (21.0.8+9) (build 21.0.8+9-LTS)
# Java VM: OpenJDK 64-Bit Server VM Temurin-21.0.8+9 (21.0.8+9-LTS, mixed mode, sharing, tiered, compressed oops, compressed class ptrs, parallel gc, windows-amd64)
GC Precious Log:
 CardTable entry size: 512
 CPUs: 8 total, 8 available
 Memory: 16118M
 Large Page Support: Disabled
 NUMA Support: Disabled
 Compressed Oops: Enabled (32-bit)
 Alignments: Space 512K, Generation 512K, Heap 2M
 Heap Min Capacity: 100M
 Heap Initial Capacity: 100M
 Heap Max Capacity: 2G
 Pre-touch: Disabled
 Parallel Workers: 8
Heap:
 PSYoungGen      total 15360K, used 7866K [0x00000000d5580000, 0x00000000d6680000, 0x0000000100000000)
  eden space 14848K, 51% used [0x00000000d5580000,0x00000000d5d06bb0,0x00000000d6400000)
  from space 512K, 31% used [0x00000000d6600000,0x00000000d6628000,0x00000000d6680000)
  to   space 512K, 0% used [0x00000000d6580000,0x00000000d6580000,0x00000000d6600000)
 ParOldGen       total 68608K, used 55530K [0x0000000080000000, 0x0000000084300000, 0x00000000d5580000)
  object space 68608K, 80% used [0x0000000080000000,0x000000008363a9b8,0x0000000084300000)
 Metaspace       used 63325K, committed 64832K, reserved 1114112K
  class space    used 7436K, committed 8128K, reserved 1048576K
GC Heap History (20 events):
Event: 31.973 GC heap before
{Heap before GC invocations=40 (full 2):
 PSYoungGen      total 16384K, used 16360K [0x00000000d5580000, 0x00000000d6b00000, 0x0000000100000000)
  eden space 14848K, 100% used [0x00000000d5580000,0x00000000d6400000,0x00000000d6400000)
  from space 1536K, 98% used [0x00000000d6480000,0x00000000d65fa000,0x00000000d6600000)
  to   space 3584K, 0% used [0x00000000d6780000,0x00000000d6780000,0x00000000d6b00000)
 ParOldGen       total 68608K, used 56222K [0x0000000080000000, 0x0000000084300000, 0x00000000d5580000)
  object space 68608K, 81% used [0x0000000080000000,0x00000000836e7ad0,0x0000000084300000)
 Metaspace       used 58262K, committed 59648K, reserved 1114112K
  class space    used 6875K, committed 7488K, reserved 1048576K
}
Event: 31.975 GC heap after
{Heap after GC invocations=40 (full 2):
 PSYoungGen      total 16384K, used 1344K [0x00000000d5580000, 0x00000000d6900000, 0x0000000100000000)
  eden space 14848K, 0% used [0x00000000d5580000,0x00000000d5580000,0x00000000d6400000)
  from space 1536K, 87% used [0x00000000d6780000,0x00000000d68d0020,0x00000000d6900000)
  to   space 2048K, 0% used [0x00000000d6500000,0x00000000d6500000,0x00000000d6700000)
 ParOldGen       total 68608K, used 57769K [0x0000000080000000, 0x0000000084300000, 0x00000000d5580000)
  object space 68608K, 84% used [0x0000000080000000,0x000000008386a5e8,0x0000000084300000)
 Metaspace       used 58262K, committed 59648K, reserved 1114112K
  class space    used 6875K, committed 7488K, reserved 1048576K
}
Event: 32.023 GC heap before
{Heap before GC invocations=41 (full 2):
 PSYoungGen      total 16384K, used 3643K [0x00000000d5580000, 0x00000000d6900000, 0x0000000100000000)
  eden space 14848K, 15% used [0x00000000d5580000,0x00000000d57bef08,0x00000000d6400000)
  from space 1536K, 87% used [0x00000000d6780000,0x00000000d68d0020,0x00000000d6900000)
  to   space 2048K, 0% used [0x00000000d6500000,0x00000000d6500000,0x00000000d6700000)
 ParOldGen       total 68608K, used 57769K [0x0000000080000000, 0x0000000084300000, 0x00000000d5580000)
  object space 68608K, 84% used [0x0000000080000000,0x000000008386a5e8,0x0000000084300000)
 Metaspace       used 58357K, committed 59776K, reserved 1114112K
  class space    used 6883K, committed 7488K, reserved 1048576K
}
Event: 32.024 GC heap after
{Heap after GC invocations=41 (full 2):
 PSYoungGen      total 16896K, used 368K [0x00000000d5580000, 0x00000000d6800000, 0x0000000100000000)
  eden space 14848K, 0% used [0x00000000d5580000,0x00000000d5580000,0x00000000d6400000)
  from space 2048K, 17% used [0x00000000d6500000,0x00000000d655c010,0x00000000d6700000)
  to   space 1024K, 0% used [0x00000000d6700000,0x00000000d6700000,0x00000000d6800000)
 ParOldGen       total 68608K, used 58912K [0x0000000080000000, 0x0000000084300000, 0x00000000d5580000)
  object space 68608K, 85% used [0x0000000080000000,0x0000000083988228,0x0000000084300000)
 Metaspace       used 58357K, committed 59776K, reserved 1114112K
  class space    used 6883K, committed 7488K, reserved 1048576K
}
Event: 32.024 GC heap before
{Heap before GC invocations=42 (full 3):
 PSYoungGen      total 16896K, used 368K [0x00000000d5580000, 0x00000000d6800000, 0x0000000100000000)
  eden space 14848K, 0% used [0x00000000d5580000,0x00000000d5580000,0x00000000d6400000)
  from space 2048K, 17% used [0x00000000d6500000,0x00000000d655c010,0x00000000d6700000)
  to   space 1024K, 0% used [0x00000000d6700000,0x00000000d6700000,0x00000000d6800000)
 ParOldGen       total 68608K, used 58912K [0x0000000080000000, 0x0000000084300000, 0x00000000d5580000)
  object space 68608K, 85% used [0x0000000080000000,0x0000000083988228,0x0000000084300000)
 Metaspace       used 58357K, committed 59776K, reserved 1114112K
  class space    used 6883K, committed 7488K, reserved 1048576K
}
Event: 32.079 GC heap after
{Heap after GC invocations=42 (full 3):
 PSYoungGen      total 16896K, used 0K [0x00000000d5580000, 0x00000000d6800000, 0x0000000100000000)
  eden space 14848K, 0% used [0x00000000d5580000,0x00000000d5580000,0x00000000d6400000)
  from space 2048K, 0% used [0x00000000d6500000,0x00000000d6500000,0x00000000d6700000)
  to   space 1024K, 0% used [0x00000000d6700000,0x00000000d6700000,0x00000000d6800000)
 ParOldGen       total 68608K, used 52924K [0x0000000080000000, 0x0000000084300000, 0x00000000d5580000)
  object space 68608K, 77% used [0x0000000080000000,0x00000000833af1b8,0x0000000084300000)
 Metaspace       used 58357K, committed 59776K, reserved 1114112K
  class space    used 6883K, committed 7488K, reserved 1048576K
}
Event: 392.472 GC heap before
{Heap before GC invocations=43 (full 3):
 PSYoungGen      total 16896K, used 14840K [0x00000000d5580000, 0x00000000d6800000, 0x0000000100000000)
  eden space 14848K, 99% used [0x00000000d5580000,0x00000000d63fe0b8,0x00000000d6400000)
  from space 2048K, 0% used [0x00000000d6500000,0x00000000d6500000,0x00000000d6700000)
  to   space 1024K, 0% used [0x00000000d6700000,0x00000000d6700000,0x00000000d6800000)
 ParOldGen       total 68608K, used 52924K [0x0000000080000000, 0x0000000084300000, 0x00000000d5580000)
  object space 68608K, 77% used [0x0000000080000000,0x00000000833af1b8,0x0000000084300000)
 Metaspace       used 59987K, committed 61504K, reserved 1114112K
  class space    used 7099K, committed 7744K, reserved 1048576K
}
Event: 392.475 GC heap after
{Heap after GC invocations=43 (full 3):
 PSYoungGen      total 15872K, used 1024K [0x00000000d5580000, 0x00000000d6800000, 0x0000000100000000)
  eden space 14848K, 0% used [0x00000000d5580000,0x00000000d5580000,0x00000000d6400000)
  from space 1024K, 100% used [0x00000000d6700000,0x00000000d6800000,0x00000000d6800000)
  to   space 1536K, 0% used [0x00000000d6500000,0x00000000d6500000,0x00000000d6680000)
 ParOldGen       total 68608K, used 53004K [0x0000000080000000, 0x0000000084300000, 0x00000000d5580000)
  object space 68608K, 77% used [0x0000000080000000,0x00000000833c31b8,0x0000000084300000)
 Metaspace       used 59987K, committed 61504K, reserved 1114112K
  class space    used 7099K, committed 7744K, reserved 1048576K
}
Event: 396.959 GC heap before
{Heap before GC invocations=44 (full 3):
 PSYoungGen      total 15872K, used 15872K [0x00000000d5580000, 0x00000000d6800000, 0x0000000100000000)
  eden space 14848K, 100% used [0x00000000d5580000,0x00000000d6400000,0x00000000d6400000)
  from space 1024K, 100% used [0x00000000d6700000,0x00000000d6800000,0x00000000d6800000)
  to   space 1536K, 0% used [0x00000000d6500000,0x00000000d6500000,0x00000000d6680000)
 ParOldGen       total 68608K, used 53004K [0x0000000080000000, 0x0000000084300000, 0x00000000d5580000)
  object space 68608K, 77% used [0x0000000080000000,0x00000000833c31b8,0x0000000084300000)
 Metaspace       used 62024K, committed 63488K, reserved 1114112K
  class space    used 7315K, committed 7936K, reserved 1048576K
}
Event: 396.960 GC heap after
{Heap after GC invocations=44 (full 3):
 PSYoungGen      total 16384K, used 568K [0x00000000d5580000, 0x00000000d6780000, 0x0000000100000000)
  eden space 14848K, 0% used [0x00000000d5580000,0x00000000d5580000,0x00000000d6400000)
  from space 1536K, 36% used [0x00000000d6500000,0x00000000d658e0b0,0x00000000d6680000)
  to   space 1024K, 0% used [0x00000000d6680000,0x00000000d6680000,0x00000000d6780000)
 ParOldGen       total 68608K, used 53949K [0x0000000080000000, 0x0000000084300000, 0x00000000d5580000)
  object space 68608K, 78% used [0x0000000080000000,0x00000000834af708,0x0000000084300000)
 Metaspace       used 62024K, committed 63488K, reserved 1114112K
  class space    used 7315K, committed 7936K, reserved 1048576K
}
Event: 542.404 GC heap before
{Heap before GC invocations=45 (full 3):
 PSYoungGen      total 16384K, used 15416K [0x00000000d5580000, 0x00000000d6780000, 0x0000000100000000)
  eden space 14848K, 100% used [0x00000000d5580000,0x00000000d6400000,0x00000000d6400000)
  from space 1536K, 36% used [0x00000000d6500000,0x00000000d658e0b0,0x00000000d6680000)
  to   space 1024K, 0% used [0x00000000d6680000,0x00000000d6680000,0x00000000d6780000)
 ParOldGen       total 68608K, used 53949K [0x0000000080000000, 0x0000000084300000, 0x00000000d5580000)
  object space 68608K, 78% used [0x0000000080000000,0x00000000834af708,0x0000000084300000)
 Metaspace       used 63042K, committed 64576K, reserved 1114112K
  class space    used 7436K, committed 8128K, reserved 1048576K
}
Event: 542.405 GC heap after
{Heap after GC invocations=45 (full 3):
 PSYoungGen      total 15872K, used 832K [0x00000000d5580000, 0x00000000d6780000, 0x0000000100000000)
  eden space 14848K, 0% used [0x00000000d5580000,0x00000000d5580000,0x00000000d6400000)
  from space 1024K, 81% used [0x00000000d6680000,0x00000000d6750010,0x00000000d6780000)
  to   space 1024K, 0% used [0x00000000d6580000,0x00000000d6580000,0x00000000d6680000)
 ParOldGen       total 68608K, used 54354K [0x0000000080000000, 0x0000000084300000, 0x00000000d5580000)
  object space 68608K, 79% used [0x0000000080000000,0x0000000083514968,0x0000000084300000)
 Metaspace       used 63042K, committed 64576K, reserved 1114112K
  class space    used 7436K, committed 8128K, reserved 1048576K
}
Event: 543.082 GC heap before
{Heap before GC invocations=46 (full 3):
 PSYoungGen      total 15872K, used 15680K [0x00000000d5580000, 0x00000000d6780000, 0x0000000100000000)
  eden space 14848K, 100% used [0x00000000d5580000,0x00000000d6400000,0x00000000d6400000)
  from space 1024K, 81% used [0x00000000d6680000,0x00000000d6750010,0x00000000d6780000)
  to   space 1024K, 0% used [0x00000000d6580000,0x00000000d6580000,0x00000000d6680000)
 ParOldGen       total 68608K, used 54354K [0x0000000080000000, 0x0000000084300000, 0x00000000d5580000)
  object space 68608K, 79% used [0x0000000080000000,0x0000000083514968,0x0000000084300000)
 Metaspace       used 63275K, committed 64768K, reserved 1114112K
  class space    used 7436K, committed 8128K, reserved 1048576K
}
Event: 543.084 GC heap after
{Heap after GC invocations=46 (full 3):
 PSYoungGen      total 15360K, used 480K [0x00000000d5580000, 0x00000000d6700000, 0x0000000100000000)
  eden space 14848K, 0% used [0x00000000d5580000,0x00000000d5580000,0x00000000d6400000)
  from space 512K, 93% used [0x00000000d6580000,0x00000000d65f8000,0x00000000d6600000)
  to   space 1024K, 0% used [0x00000000d6600000,0x00000000d6600000,0x00000000d6700000)
 ParOldGen       total 68608K, used 55030K [0x0000000080000000, 0x0000000084300000, 0x00000000d5580000)
  object space 68608K, 80% used [0x0000000080000000,0x00000000835bd988,0x0000000084300000)
 Metaspace       used 63275K, committed 64768K, reserved 1114112K
  class space    used 7436K, committed 8128K, reserved 1048576K
}
Event: 543.706 GC heap before
{Heap before GC invocations=47 (full 3):
 PSYoungGen      total 15360K, used 15328K [0x00000000d5580000, 0x00000000d6700000, 0x0000000100000000)
  eden space 14848K, 100% used [0x00000000d5580000,0x00000000d6400000,0x00000000d6400000)
  from space 512K, 93% used [0x00000000d6580000,0x00000000d65f8000,0x00000000d6600000)
  to   space 1024K, 0% used [0x00000000d6600000,0x00000000d6600000,0x00000000d6700000)
 ParOldGen       total 68608K, used 55030K [0x0000000080000000, 0x0000000084300000, 0x00000000d5580000)
  object space 68608K, 80% used [0x0000000080000000,0x00000000835bd988,0x0000000084300000)
 Metaspace       used 63302K, committed 64832K, reserved 1114112K
  class space    used 7436K, committed 8128K, reserved 1048576K
}
Event: 543.707 GC heap after
{Heap after GC invocations=47 (full 3):
 PSYoungGen      total 15360K, used 320K [0x00000000d5580000, 0x00000000d6680000, 0x0000000100000000)
  eden space 14848K, 0% used [0x00000000d5580000,0x00000000d5580000,0x00000000d6400000)
  from space 512K, 62% used [0x00000000d6600000,0x00000000d6650000,0x00000000d6680000)
  to   space 512K, 0% used [0x00000000d6580000,0x00000000d6580000,0x00000000d6600000)
 ParOldGen       total 68608K, used 55210K [0x0000000080000000, 0x0000000084300000, 0x00000000d5580000)
  object space 68608K, 80% used [0x0000000080000000,0x00000000835ea998,0x0000000084300000)
 Metaspace       used 63302K, committed 64832K, reserved 1114112K
  class space    used 7436K, committed 8128K, reserved 1048576K
}
Event: 544.031 GC heap before
{Heap before GC invocations=48 (full 3):
 PSYoungGen      total 15360K, used 15168K [0x00000000d5580000, 0x00000000d6680000, 0x0000000100000000)
  eden space 14848K, 100% used [0x00000000d5580000,0x00000000d6400000,0x00000000d6400000)
  from space 512K, 62% used [0x00000000d6600000,0x00000000d6650000,0x00000000d6680000)
  to   space 512K, 0% used [0x00000000d6580000,0x00000000d6580000,0x00000000d6600000)
 ParOldGen       total 68608K, used 55210K [0x0000000080000000, 0x0000000084300000, 0x00000000d5580000)
  object space 68608K, 80% used [0x0000000080000000,0x00000000835ea998,0x0000000084300000)
 Metaspace       used 63317K, committed 64832K, reserved 1114112K
  class space    used 7436K, committed 8128K, reserved 1048576K
}
Event: 544.034 GC heap after
{Heap after GC invocations=48 (full 3):
 PSYoungGen      total 15360K, used 288K [0x00000000d5580000, 0x00000000d6680000, 0x0000000100000000)
  eden space 14848K, 0% used [0x00000000d5580000,0x00000000d5580000,0x00000000d6400000)
  from space 512K, 56% used [0x00000000d6580000,0x00000000d65c8000,0x00000000d6600000)
  to   space 512K, 0% used [0x00000000d6600000,0x00000000d6600000,0x00000000d6680000)
 ParOldGen       total 68608K, used 55450K [0x0000000080000000, 0x0000000084300000, 0x00000000d5580000)
  object space 68608K, 80% used [0x0000000080000000,0x00000000836269b8,0x0000000084300000)
 Metaspace       used 63317K, committed 64832K, reserved 1114112K
  class space    used 7436K, committed 8128K, reserved 1048576K
}
Event: 544.184 GC heap before
{Heap before GC invocations=49 (full 3):
 PSYoungGen      total 15360K, used 15136K [0x00000000d5580000, 0x00000000d6680000, 0x0000000100000000)
  eden space 14848K, 100% used [0x00000000d5580000,0x00000000d6400000,0x00000000d6400000)
  from space 512K, 56% used [0x00000000d6580000,0x00000000d65c8000,0x00000000d6600000)
  to   space 512K, 0% used [0x00000000d6600000,0x00000000d6600000,0x00000000d6680000)
 ParOldGen       total 68608K, used 55450K [0x0000000080000000, 0x0000000084300000, 0x00000000d5580000)
  object space 68608K, 80% used [0x0000000080000000,0x00000000836269b8,0x0000000084300000)
 Metaspace       used 63317K, committed 64832K, reserved 1114112K
  class space    used 7436K, committed 8128K, reserved 1048576K
}
Event: 544.186 GC heap after
{Heap after GC invocations=49 (full 3):
 PSYoungGen      total 15360K, used 160K [0x00000000d5580000, 0x00000000d6680000, 0x0000000100000000)
  eden space 14848K, 0% used [0x00000000d5580000,0x00000000d5580000,0x00000000d6400000)
  from space 512K, 31% used [0x00000000d6600000,0x00000000d6628000,0x00000000d6680000)
  to   space 512K, 0% used [0x00000000d6580000,0x00000000d6580000,0x00000000d6600000)
 ParOldGen       total 68608K, used 55530K [0x0000000080000000, 0x0000000084300000, 0x00000000d5580000)
  object space 68608K, 80% used [0x0000000080000000,0x000000008363a9b8,0x0000000084300000)
 Metaspace       used 63317K, committed 64832K, reserved 1114112K
  class space    used 7436K, committed 8128K, reserved 1048576K
}

