# JRE version: OpenJDK Runtime Environment (Alibaba Dragonwell Standard Edition)-17.0.16.0.17+8-GA (17.0.17+8) (build 17.0.17+8)
# Java VM: OpenJDK 64-Bit Server VM (Alibaba Dragonwell Standard Edition)-17.0.16.0.17+8-GA (17.0.17+8, mixed mode, sharing, tiered, compressed oops, compressed class ptrs, g1 gc, windows-amd64)
GC Precious Log:
 CPUs: 8 total, 8 available
 Memory: 16118M
 Large Page Support: Disabled
 NUMA Support: Disabled
 Compressed Oops: Enabled (32-bit)
 Heap Region Size: 1M
 Heap Min Capacity: 8M
 Heap Initial Capacity: 252M
 Heap Max Capacity: 2G
 Pre-touch: Disabled
 Parallel Workers: 8
 Concurrent Workers: 2
 Concurrent Refinement Workers: 8
 Periodic GC: Disabled
Heap:
 garbage-first heap   total 422912K, used 269945K [0x0000000080000000, 0x0000000100000000)
  region size 1024K, 14 young (14336K), 6 survivors (6144K)
 Metaspace       used 107543K, committed 108480K, reserved 1179648K
  class space    used 14833K, committed 15296K, reserved 1048576K
GC Heap History (20 events):
Event: 59.272 GC heap before
{Heap before GC invocations=40 (full 0):
 garbage-first heap   total 269312K, used 216288K [0x0000000080000000, 0x0000000100000000)
  region size 1024K, 119 young (121856K), 1 survivors (1024K)
 Metaspace       used 84431K, committed 85248K, reserved 1179648K
  class space    used 11794K, committed 12224K, reserved 1048576K
}
Event: 59.280 GC heap after
{Heap after GC invocations=41 (full 0):
 garbage-first heap   total 269312K, used 102391K [0x0000000080000000, 0x0000000100000000)
  region size 1024K, 12 young (12288K), 12 survivors (12288K)
 Metaspace       used 84431K, committed 85248K, reserved 1179648K
  class space    used 11794K, committed 12224K, reserved 1048576K
}
Event: 60.094 GC heap before
{Heap before GC invocations=41 (full 0):
 garbage-first heap   total 269312K, used 236535K [0x0000000080000000, 0x0000000100000000)
  region size 1024K, 114 young (116736K), 12 survivors (12288K)
 Metaspace       used 89819K, committed 90688K, reserved 1179648K
  class space    used 12767K, committed 13184K, reserved 1048576K
}
Event: 60.118 GC heap after
{Heap after GC invocations=42 (full 0):
 garbage-first heap   total 275456K, used 140934K [0x0000000080000000, 0x0000000100000000)
  region size 1024K, 15 young (15360K), 15 survivors (15360K)
 Metaspace       used 89819K, committed 90688K, reserved 1179648K
  class space    used 12767K, committed 13184K, reserved 1048576K
}
Event: 60.377 GC heap before
{Heap before GC invocations=42 (full 0):
 garbage-first heap   total 275456K, used 211590K [0x0000000080000000, 0x0000000100000000)
  region size 1024K, 84 young (86016K), 15 survivors (15360K)
 Metaspace       used 90020K, committed 90880K, reserved 1179648K
  class space    used 12773K, committed 13184K, reserved 1048576K
}
Event: 60.416 GC heap after
{Heap after GC invocations=43 (full 0):
 garbage-first heap   total 275456K, used 176002K [0x0000000080000000, 0x0000000100000000)
  region size 1024K, 11 young (11264K), 11 survivors (11264K)
 Metaspace       used 90020K, committed 90880K, reserved 1179648K
  class space    used 12773K, committed 13184K, reserved 1048576K
}
Event: 60.774 GC heap before
{Heap before GC invocations=43 (full 0):
 garbage-first heap   total 275456K, used 213890K [0x0000000080000000, 0x0000000100000000)
  region size 1024K, 49 young (50176K), 11 survivors (11264K)
 Metaspace       used 91785K, committed 92608K, reserved 1179648K
  class space    used 13024K, committed 13440K, reserved 1048576K
}
Event: 60.790 GC heap after
{Heap after GC invocations=44 (full 0):
 garbage-first heap   total 275456K, used 188928K [0x0000000080000000, 0x0000000100000000)
  region size 1024K, 7 young (7168K), 7 survivors (7168K)
 Metaspace       used 91785K, committed 92608K, reserved 1179648K
  class space    used 13024K, committed 13440K, reserved 1048576K
}
Event: 61.220 GC heap before
{Heap before GC invocations=44 (full 0):
 garbage-first heap   total 275456K, used 219648K [0x0000000080000000, 0x0000000100000000)
  region size 1024K, 38 young (38912K), 7 survivors (7168K)
 Metaspace       used 93912K, committed 94720K, reserved 1179648K
  class space    used 13314K, committed 13696K, reserved 1048576K
}
Event: 61.231 GC heap after
{Heap after GC invocations=45 (full 0):
 garbage-first heap   total 422912K, used 192961K [0x0000000080000000, 0x0000000100000000)
  region size 1024K, 2 young (2048K), 2 survivors (2048K)
 Metaspace       used 93912K, committed 94720K, reserved 1179648K
  class space    used 13314K, committed 13696K, reserved 1048576K
}
Event: 61.976 GC heap before
{Heap before GC invocations=45 (full 0):
 garbage-first heap   total 422912K, used 301505K [0x0000000080000000, 0x0000000100000000)
  region size 1024K, 109 young (111616K), 2 survivors (2048K)
 Metaspace       used 95952K, committed 96768K, reserved 1179648K
  class space    used 13553K, committed 13952K, reserved 1048576K
}
Event: 61.987 GC heap after
{Heap after GC invocations=46 (full 0):
 garbage-first heap   total 422912K, used 201448K [0x0000000080000000, 0x0000000100000000)
  region size 1024K, 11 young (11264K), 11 survivors (11264K)
 Metaspace       used 95952K, committed 96768K, reserved 1179648K
  class space    used 13553K, committed 13952K, reserved 1048576K
}
Event: 63.568 GC heap before
{Heap before GC invocations=46 (full 0):
 garbage-first heap   total 422912K, used 330472K [0x0000000080000000, 0x0000000100000000)
  region size 1024K, 119 young (121856K), 11 survivors (11264K)
 Metaspace       used 103544K, committed 104384K, reserved 1179648K
  class space    used 14464K, committed 14912K, reserved 1048576K
}
Event: 63.585 GC heap after
{Heap after GC invocations=47 (full 0):
 garbage-first heap   total 422912K, used 228824K [0x0000000080000000, 0x0000000100000000)
  region size 1024K, 12 young (12288K), 12 survivors (12288K)
 Metaspace       used 103544K, committed 104384K, reserved 1179648K
  class space    used 14464K, committed 14912K, reserved 1048576K
}
Event: 65.387 GC heap before
{Heap before GC invocations=47 (full 0):
 garbage-first heap   total 422912K, used 344536K [0x0000000080000000, 0x0000000100000000)
  region size 1024K, 108 young (110592K), 12 survivors (12288K)
 Metaspace       used 103816K, committed 104640K, reserved 1179648K
  class space    used 14485K, committed 14912K, reserved 1048576K
}
Event: 65.410 GC heap after
{Heap after GC invocations=48 (full 0):
 garbage-first heap   total 422912K, used 258102K [0x0000000080000000, 0x0000000100000000)
  region size 1024K, 14 young (14336K), 14 survivors (14336K)
 Metaspace       used 103816K, committed 104640K, reserved 1179648K
  class space    used 14485K, committed 14912K, reserved 1048576K
}
Event: 67.851 GC heap before
{Heap before GC invocations=48 (full 0):
 garbage-first heap   total 422912K, used 359478K [0x0000000080000000, 0x0000000100000000)
  region size 1024K, 93 young (95232K), 14 survivors (14336K)
 Metaspace       used 105072K, committed 105984K, reserved 1179648K
  class space    used 14616K, committed 15040K, reserved 1048576K
}
Event: 67.867 GC heap after
{Heap after GC invocations=49 (full 0):
 garbage-first heap   total 422912K, used 277065K [0x0000000080000000, 0x0000000100000000)
  region size 1024K, 10 young (10240K), 10 survivors (10240K)
 Metaspace       used 105072K, committed 105984K, reserved 1179648K
  class space    used 14616K, committed 15040K, reserved 1048576K
}
Event: 70.431 GC heap before
{Heap before GC invocations=49 (full 0):
 garbage-first heap   total 422912K, used 346697K [0x0000000080000000, 0x0000000100000000)
  region size 1024K, 78 young (79872K), 10 survivors (10240K)
 Metaspace       used 107276K, committed 108160K, reserved 1179648K
  class space    used 14824K, committed 15232K, reserved 1048576K
}
Event: 70.444 GC heap after
{Heap after GC invocations=50 (full 0):
 garbage-first heap   total 422912K, used 262777K [0x0000000080000000, 0x0000000100000000)
  region size 1024K, 6 young (6144K), 6 survivors (6144K)
 Metaspace       used 107276K, committed 108160K, reserved 1179648K
  class space    used 14824K, committed 15232K, reserved 1048576K
}

