# JRE version: OpenJDK Runtime Environment (Alibaba Dragonwell Standard Edition)-17.0.16.0.17+8-GA (17.0.17+8) (build 17.0.17+8)
# Java VM: OpenJDK 64-Bit Server VM (Alibaba Dragonwell Standard Edition)-17.0.16.0.17+8-GA (17.0.17+8, mixed mode, sharing, tiered, compressed oops, compressed class ptrs, g1 gc, windows-amd64)
GC Precious Log:
 CPUs: 8 total, 8 available
 Memory: 16118M
 Large Page Support: Disabled
 NUMA Support: Disabled
 Compressed Oops: Enabled (32-bit)
 Heap Region Size: 1M
 Heap Min Capacity: 8M
 Heap Initial Capacity: 252M
 Heap Max Capacity: 2G
 Pre-touch: Disabled
 Parallel Workers: 8
 Concurrent Workers: 2
 Concurrent Refinement Workers: 8
 Periodic GC: Disabled
Heap:
 garbage-first heap   total 408576K, used 271717K [0x0000000080000000, 0x0000000100000000)
  region size 1024K, 69 young (70656K), 2 survivors (2048K)
 Metaspace       used 107190K, committed 108096K, reserved 1179648K
  class space    used 14707K, committed 15168K, reserved 1048576K
GC Heap History (20 events):
Event: 33.028 GC heap before
{Heap before GC invocations=65 (full 0):
 garbage-first heap   total 219136K, used 158489K [0x0000000080000000, 0x0000000100000000)
  region size 1024K, 43 young (44032K), 3 survivors (3072K)
 Metaspace       used 94749K, committed 95552K, reserved 1179648K
  class space    used 12815K, committed 13248K, reserved 1048576K
}
Event: 33.033 GC heap after
{Heap after GC invocations=66 (full 0):
 garbage-first heap   total 219136K, used 123434K [0x0000000080000000, 0x0000000100000000)
  region size 1024K, 7 young (7168K), 7 survivors (7168K)
 Metaspace       used 94749K, committed 95552K, reserved 1179648K
  class space    used 12815K, committed 13248K, reserved 1048576K
}
Event: 33.197 GC heap before
{Heap before GC invocations=66 (full 0):
 garbage-first heap   total 219136K, used 126506K [0x0000000080000000, 0x0000000100000000)
  region size 1024K, 9 young (9216K), 7 survivors (7168K)
 Metaspace       used 95042K, committed 95936K, reserved 1179648K
  class space    used 12846K, committed 13312K, reserved 1048576K
}
Event: 33.201 GC heap after
{Heap after GC invocations=67 (full 0):
 garbage-first heap   total 219136K, used 125861K [0x0000000080000000, 0x0000000100000000)
  region size 1024K, 5 young (5120K), 5 survivors (5120K)
 Metaspace       used 95042K, committed 95936K, reserved 1179648K
  class space    used 12846K, committed 13312K, reserved 1048576K
}
Event: 34.283 GC heap before
{Heap before GC invocations=68 (full 0):
 garbage-first heap   total 219136K, used 200613K [0x0000000080000000, 0x0000000100000000)
  region size 1024K, 51 young (52224K), 5 survivors (5120K)
 Metaspace       used 99306K, committed 100224K, reserved 1179648K
  class space    used 13428K, committed 13888K, reserved 1048576K
}
Event: 34.286 GC heap after
{Heap after GC invocations=69 (full 0):
 garbage-first heap   total 219136K, used 144094K [0x0000000080000000, 0x0000000100000000)
  region size 1024K, 7 young (7168K), 7 survivors (7168K)
 Metaspace       used 99306K, committed 100224K, reserved 1179648K
  class space    used 13428K, committed 13888K, reserved 1048576K
}
Event: 34.308 GC heap before
{Heap before GC invocations=69 (full 0):
 garbage-first heap   total 219136K, used 147166K [0x0000000080000000, 0x0000000100000000)
  region size 1024K, 10 young (10240K), 7 survivors (7168K)
 Metaspace       used 99349K, committed 100224K, reserved 1179648K
  class space    used 13431K, committed 13888K, reserved 1048576K
}
Event: 34.312 GC heap after
{Heap after GC invocations=70 (full 0):
 garbage-first heap   total 219136K, used 130092K [0x0000000080000000, 0x0000000100000000)
  region size 1024K, 2 young (2048K), 2 survivors (2048K)
 Metaspace       used 99349K, committed 100224K, reserved 1179648K
  class space    used 13431K, committed 13888K, reserved 1048576K
}
Event: 34.613 GC heap before
{Heap before GC invocations=70 (full 0):
 garbage-first heap   total 219136K, used 177196K [0x0000000080000000, 0x0000000100000000)
  region size 1024K, 46 young (47104K), 2 survivors (2048K)
 Metaspace       used 99586K, committed 100480K, reserved 1179648K
  class space    used 13469K, committed 13952K, reserved 1048576K
}
Event: 34.626 GC heap after
{Heap after GC invocations=71 (full 0):
 garbage-first heap   total 219136K, used 148433K [0x0000000080000000, 0x0000000100000000)
  region size 1024K, 6 young (6144K), 6 survivors (6144K)
 Metaspace       used 99586K, committed 100480K, reserved 1179648K
  class space    used 13469K, committed 13952K, reserved 1048576K
}
Event: 34.871 GC heap before
{Heap before GC invocations=71 (full 0):
 garbage-first heap   total 219136K, used 175057K [0x0000000080000000, 0x0000000100000000)
  region size 1024K, 33 young (33792K), 6 survivors (6144K)
 Metaspace       used 102152K, committed 103040K, reserved 1179648K
  class space    used 14029K, committed 14464K, reserved 1048576K
}
Event: 34.883 GC heap after
{Heap after GC invocations=72 (full 0):
 garbage-first heap   total 219136K, used 155397K [0x0000000080000000, 0x0000000100000000)
  region size 1024K, 5 young (5120K), 5 survivors (5120K)
 Metaspace       used 102152K, committed 103040K, reserved 1179648K
  class space    used 14029K, committed 14464K, reserved 1048576K
}
Event: 34.973 GC heap before
{Heap before GC invocations=72 (full 0):
 garbage-first heap   total 219136K, used 178949K [0x0000000080000000, 0x0000000100000000)
  region size 1024K, 28 young (28672K), 5 survivors (5120K)
 Metaspace       used 102257K, committed 103104K, reserved 1179648K
  class space    used 14031K, committed 14464K, reserved 1048576K
}
Event: 34.986 GC heap after
{Heap after GC invocations=73 (full 0):
 garbage-first heap   total 219136K, used 167449K [0x0000000080000000, 0x0000000100000000)
  region size 1024K, 4 young (4096K), 4 survivors (4096K)
 Metaspace       used 102257K, committed 103104K, reserved 1179648K
  class space    used 14031K, committed 14464K, reserved 1048576K
}
Event: 35.057 GC heap before
{Heap before GC invocations=73 (full 0):
 garbage-first heap   total 219136K, used 180761K [0x0000000080000000, 0x0000000100000000)
  region size 1024K, 17 young (17408K), 4 survivors (4096K)
 Metaspace       used 102276K, committed 103168K, reserved 1179648K
  class space    used 14033K, committed 14464K, reserved 1048576K
}
Event: 35.070 GC heap after
{Heap after GC invocations=74 (full 0):
 garbage-first heap   total 408576K, used 174917K [0x0000000080000000, 0x0000000100000000)
  region size 1024K, 3 young (3072K), 3 survivors (3072K)
 Metaspace       used 102276K, committed 103168K, reserved 1179648K
  class space    used 14033K, committed 14464K, reserved 1048576K
}
Event: 36.214 GC heap before
{Heap before GC invocations=75 (full 0):
 garbage-first heap   total 408576K, used 275269K [0x0000000080000000, 0x0000000100000000)
  region size 1024K, 102 young (104448K), 3 survivors (3072K)
 Metaspace       used 106306K, committed 107200K, reserved 1179648K
  class space    used 14599K, committed 15040K, reserved 1048576K
}
Event: 36.232 GC heap after
{Heap after GC invocations=76 (full 0):
 garbage-first heap   total 408576K, used 202688K [0x0000000080000000, 0x0000000100000000)
  region size 1024K, 13 young (13312K), 13 survivors (13312K)
 Metaspace       used 106306K, committed 107200K, reserved 1179648K
  class space    used 14599K, committed 15040K, reserved 1048576K
}
Event: 36.319 GC heap before
{Heap before GC invocations=76 (full 0):
 garbage-first heap   total 408576K, used 207808K [0x0000000080000000, 0x0000000100000000)
  region size 1024K, 19 young (19456K), 13 survivors (13312K)
 Metaspace       used 106361K, committed 107264K, reserved 1179648K
  class space    used 14602K, committed 15040K, reserved 1048576K
}
Event: 36.331 GC heap after
{Heap after GC invocations=77 (full 0):
 garbage-first heap   total 408576K, used 202085K [0x0000000080000000, 0x0000000100000000)
  region size 1024K, 2 young (2048K), 2 survivors (2048K)
 Metaspace       used 106361K, committed 107264K, reserved 1179648K
  class space    used 14602K, committed 15040K, reserved 1048576K
}

