# JRE version: OpenJDK Runtime Environment (21.0.7) (build 21.0.7+-13880790-b1038.58)
# Java VM: OpenJDK 64-Bit Server VM (21.0.7+-13880790-b1038.58, mixed mode, tiered, compressed oops, compressed class ptrs, g1 gc, windows-amd64)
GC Precious Log:
 CardTable entry size: 512
 Card Set container configuration: InlinePtr #cards 5 size 8 Array Of Cards #cards 12 size 40 Howl #buckets 4 coarsen threshold 1843 Howl Bitmap #cards 512 size 80 coarsen threshold 460 Card regions per heap region 1 cards per card region 2048
 CPUs: 8 total, 8 available
 Memory: 16118M
 Large Page Support: Disabled
 NUMA Support: Disabled
 Compressed Oops: Enabled (32-bit)
 Heap Region Size: 1M
 Heap Min Capacity: 8M
 Heap Initial Capacity: 252M
 Heap Max Capacity: 2G
 Pre-touch: Disabled
 Parallel Workers: 8
 Concurrent Workers: 2
 Concurrent Refinement Workers: 8
 Periodic GC: Disabled
Heap:
 garbage-first heap   total 485376K, used 202853K [0x0000000080000000, 0x0000000100000000)
  region size 1024K, 43 young (44032K), 14 survivors (14336K)
 Metaspace       used 188473K, committed 190912K, reserved 1245184K
  class space    used 23442K, committed 24640K, reserved 1048576K
GC Heap History (20 events):
Event: 311.663 GC heap before
{Heap before GC invocations=243 (full 0):
 garbage-first heap   total 491520K, used 441907K [0x0000000080000000, 0x0000000100000000)
  region size 1024K, 288 young (294912K), 1 survivors (1024K)
 Metaspace       used 160361K, committed 162496K, reserved 1245184K
  class space    used 19433K, committed 20480K, reserved 1048576K
}
Event: 311.667 GC heap after
{Heap after GC invocations=244 (full 0):
 garbage-first heap   total 491520K, used 145915K [0x0000000080000000, 0x0000000100000000)
  region size 1024K, 1 young (1024K), 1 survivors (1024K)
 Metaspace       used 160361K, committed 162496K, reserved 1245184K
  class space    used 19433K, committed 20480K, reserved 1048576K
}
Event: 312.011 GC heap before
{Heap before GC invocations=244 (full 0):
 garbage-first heap   total 491520K, used 204283K [0x0000000080000000, 0x0000000100000000)
  region size 1024K, 59 young (60416K), 1 survivors (1024K)
 Metaspace       used 160361K, committed 162496K, reserved 1245184K
  class space    used 19433K, committed 20480K, reserved 1048576K
}
Event: 312.013 GC heap after
{Heap after GC invocations=245 (full 0):
 garbage-first heap   total 491520K, used 144803K [0x0000000080000000, 0x0000000100000000)
  region size 1024K, 1 young (1024K), 1 survivors (1024K)
 Metaspace       used 160361K, committed 162496K, reserved 1245184K
  class space    used 19433K, committed 20480K, reserved 1048576K
}
Event: 314.378 GC heap before
{Heap before GC invocations=246 (full 0):
 garbage-first heap   total 491520K, used 440739K [0x0000000080000000, 0x0000000100000000)
  region size 1024K, 288 young (294912K), 1 survivors (1024K)
 Metaspace       used 160361K, committed 162496K, reserved 1245184K
  class space    used 19433K, committed 20480K, reserved 1048576K
}
Event: 314.380 GC heap after
{Heap after GC invocations=247 (full 0):
 garbage-first heap   total 491520K, used 145287K [0x0000000080000000, 0x0000000100000000)
  region size 1024K, 1 young (1024K), 1 survivors (1024K)
 Metaspace       used 160361K, committed 162496K, reserved 1245184K
  class space    used 19433K, committed 20480K, reserved 1048576K
}
Event: 315.675 GC heap before
{Heap before GC invocations=247 (full 0):
 garbage-first heap   total 491520K, used 439175K [0x0000000080000000, 0x0000000100000000)
  region size 1024K, 288 young (294912K), 1 survivors (1024K)
 Metaspace       used 160361K, committed 162496K, reserved 1245184K
  class space    used 19433K, committed 20480K, reserved 1048576K
}
Event: 315.677 GC heap after
{Heap after GC invocations=248 (full 0):
 garbage-first heap   total 491520K, used 144569K [0x0000000080000000, 0x0000000100000000)
  region size 1024K, 1 young (1024K), 1 survivors (1024K)
 Metaspace       used 160361K, committed 162496K, reserved 1245184K
  class space    used 19433K, committed 20480K, reserved 1048576K
}
Event: 317.415 GC heap before
{Heap before GC invocations=248 (full 0):
 garbage-first heap   total 491520K, used 438457K [0x0000000080000000, 0x0000000100000000)
  region size 1024K, 288 young (294912K), 1 survivors (1024K)
 Metaspace       used 160365K, committed 162496K, reserved 1245184K
  class space    used 19433K, committed 20480K, reserved 1048576K
}
Event: 317.418 GC heap after
{Heap after GC invocations=249 (full 0):
 garbage-first heap   total 491520K, used 144576K [0x0000000080000000, 0x0000000100000000)
  region size 1024K, 1 young (1024K), 1 survivors (1024K)
 Metaspace       used 160365K, committed 162496K, reserved 1245184K
  class space    used 19433K, committed 20480K, reserved 1048576K
}
Event: 324.952 GC heap before
{Heap before GC invocations=250 (full 0):
 garbage-first heap   total 485376K, used 444608K [0x0000000080000000, 0x0000000100000000)
  region size 1024K, 284 young (290816K), 1 survivors (1024K)
 Metaspace       used 167741K, committed 169984K, reserved 1245184K
  class space    used 20404K, committed 21504K, reserved 1048576K
}
Event: 324.963 GC heap after
{Heap after GC invocations=251 (full 0):
 garbage-first heap   total 485376K, used 167327K [0x0000000080000000, 0x0000000100000000)
  region size 1024K, 18 young (18432K), 18 survivors (18432K)
 Metaspace       used 167741K, committed 169984K, reserved 1245184K
  class space    used 20404K, committed 21504K, reserved 1048576K
}
Event: 329.047 GC heap before
{Heap before GC invocations=251 (full 0):
 garbage-first heap   total 485376K, used 445855K [0x0000000080000000, 0x0000000100000000)
  region size 1024K, 284 young (290816K), 18 survivors (18432K)
 Metaspace       used 173354K, committed 175616K, reserved 1245184K
  class space    used 21187K, committed 22336K, reserved 1048576K
}
Event: 329.069 GC heap after
{Heap after GC invocations=252 (full 0):
 garbage-first heap   total 485376K, used 176394K [0x0000000080000000, 0x0000000100000000)
  region size 1024K, 27 young (27648K), 27 survivors (27648K)
 Metaspace       used 173354K, committed 175616K, reserved 1245184K
  class space    used 21187K, committed 22336K, reserved 1048576K
}
Event: 329.961 GC heap before
{Heap before GC invocations=252 (full 0):
 garbage-first heap   total 485376K, used 431370K [0x0000000080000000, 0x0000000100000000)
  region size 1024K, 276 young (282624K), 27 survivors (27648K)
 Metaspace       used 173354K, committed 175616K, reserved 1245184K
  class space    used 21187K, committed 22336K, reserved 1048576K
}
Event: 329.974 GC heap after
{Heap after GC invocations=253 (full 0):
 garbage-first heap   total 485376K, used 181390K [0x0000000080000000, 0x0000000100000000)
  region size 1024K, 14 young (14336K), 14 survivors (14336K)
 Metaspace       used 173354K, committed 175616K, reserved 1245184K
  class space    used 21187K, committed 22336K, reserved 1048576K
}
Event: 331.775 GC heap before
{Heap before GC invocations=254 (full 0):
 garbage-first heap   total 485376K, used 444558K [0x0000000080000000, 0x0000000100000000)
  region size 1024K, 271 young (277504K), 14 survivors (14336K)
 Metaspace       used 174230K, committed 176512K, reserved 1245184K
  class space    used 21276K, committed 22400K, reserved 1048576K
}
Event: 331.781 GC heap after
{Heap after GC invocations=255 (full 0):
 garbage-first heap   total 485376K, used 175592K [0x0000000080000000, 0x0000000100000000)
  region size 1024K, 9 young (9216K), 9 survivors (9216K)
 Metaspace       used 174230K, committed 176512K, reserved 1245184K
  class space    used 21276K, committed 22400K, reserved 1048576K
}
Event: 344.723 GC heap before
{Heap before GC invocations=255 (full 0):
 garbage-first heap   total 485376K, used 454120K [0x0000000080000000, 0x0000000100000000)
  region size 1024K, 276 young (282624K), 9 survivors (9216K)
 Metaspace       used 184343K, committed 186752K, reserved 1245184K
  class space    used 22830K, committed 24000K, reserved 1048576K
}
Event: 344.731 GC heap after
{Heap after GC invocations=256 (full 0):
 garbage-first heap   total 485376K, used 175205K [0x0000000080000000, 0x0000000100000000)
  region size 1024K, 14 young (14336K), 14 survivors (14336K)
 Metaspace       used 184343K, committed 186752K, reserved 1245184K
  class space    used 22830K, committed 24000K, reserved 1048576K
}

